--------------------------------------------------------------------------------
Makelog started: 2025-09-25 17:33:46
Working directory: /Users/shiqiyang/Documents/PhD/ECON220A/Homework/Hw1/repo/analysis
--------------------------------------------------------------------------------
Input links successfully created!
External links successfully created!
Source logs successfully written!
WARNING! The following target files have been modified according to git status:
/Users/shiqiyang/Documents/PhD/ECON220A/Homework/Hw1/repo/data/output/data_yoghurt_clean.csv
Version logs successfully written!
Executing command: `python  "/Users/shiqiyang/Documents/PhD/ECON220A/Homework/Hw1/repo/analysis/q1code/summary_stats.py" `
Top 2 by price:
    product_id product_name     price
1           2      Chobani  1.143743
2           3       Dannon  1.141041
Top 2 by market share:
    product_id product_name  market_share
0           1      Yoplait      0.165774
1           2      Chobani      0.163654

Output logs successfully written!
--------------------------------------------------------------------------------
Makelog ended: 2025-09-25 17:33:49
Working directory: /Users/shiqiyang/Documents/PhD/ECON220A/Homework/Hw1/repo/analysis
--------------------------------------------------------------------------------
